<?xml version="1.0" encoding="UTF-8"?><testrun name="InfoFactoryCreateModelsTest" project="GenericXML" tests="1" started="1" failures="1" errors="0" ignored="0">
  <testsuite name="testing.InfoFactoryCreateModelsTest" time="0.076">
    <testcase name="test" classname="testing.InfoFactoryCreateModelsTest" time="0.076">
      <failure>arrays first differed at element [0]; expected:&lt;model.Info@75a1cd57&gt; but was:&lt;model.Info@3d012ddd&gt;&#13;
	at org.junit.internal.ComparisonCriteria.arrayEquals(ComparisonCriteria.java:55)&#13;
	at org.junit.Assert.internalArrayEquals(Assert.java:532)&#13;
	at org.junit.Assert.assertArrayEquals(Assert.java:283)&#13;
	at org.junit.Assert.assertArrayEquals(Assert.java:298)&#13;
	at testing.InfoFactoryCreateModelsTest.test(InfoFactoryCreateModelsTest.java:46)&#13;
	at sun.reflect.NativeMethodAccessorImpl.invoke0(Native Method)&#13;
	at sun.reflect.NativeMethodAccessorImpl.invoke(Unknown Source)&#13;
	at sun.reflect.DelegatingMethodAccessorImpl.invoke(Unknown Source)&#13;
	at java.lang.reflect.Method.invoke(Unknown Source)&#13;
	at org.junit.runners.model.FrameworkMethod$1.runReflectiveCall(FrameworkMethod.java:50)&#13;
	at org.junit.internal.runners.model.ReflectiveCallable.run(ReflectiveCallable.java:12)&#13;
	at org.junit.runners.model.FrameworkMethod.invokeExplosively(FrameworkMethod.java:47)&#13;
	at org.junit.internal.runners.statements.InvokeMethod.evaluate(InvokeMethod.java:17)&#13;
	at org.junit.runners.ParentRunner.runLeaf(ParentRunner.java:325)&#13;
	at org.junit.runners.BlockJUnit4ClassRunner.runChild(BlockJUnit4ClassRunner.java:78)&#13;
	at org.junit.runners.BlockJUnit4ClassRunner.runChild(BlockJUnit4ClassRunner.java:57)&#13;
	at org.junit.runners.ParentRunner$3.run(ParentRunner.java:290)&#13;
	at org.junit.runners.ParentRunner$1.schedule(ParentRunner.java:71)&#13;
	at org.junit.runners.ParentRunner.runChildren(ParentRunner.java:288)&#13;
	at org.junit.runners.ParentRunner.access$000(ParentRunner.java:58)&#13;
	at org.junit.runners.ParentRunner$2.evaluate(ParentRunner.java:268)&#13;
	at org.junit.runners.ParentRunner.run(ParentRunner.java:363)&#13;
	at org.eclipse.jdt.internal.junit4.runner.JUnit4TestReference.run(JUnit4TestReference.java:86)&#13;
	at org.eclipse.jdt.internal.junit.runner.TestExecution.run(TestExecution.java:38)&#13;
	at org.eclipse.jdt.internal.junit.runner.RemoteTestRunner.runTests(RemoteTestRunner.java:459)&#13;
	at org.eclipse.jdt.internal.junit.runner.RemoteTestRunner.runTests(RemoteTestRunner.java:678)&#13;
	at org.eclipse.jdt.internal.junit.runner.RemoteTestRunner.run(RemoteTestRunner.java:382)&#13;
	at org.eclipse.jdt.internal.junit.runner.RemoteTestRunner.main(RemoteTestRunner.java:192)&#13;
Caused by: java.lang.AssertionError: expected:&lt;model.Info@75a1cd57&gt; but was:&lt;model.Info@3d012ddd&gt;&#13;
	at org.junit.Assert.fail(Assert.java:88)&#13;
	at org.junit.Assert.failNotEquals(Assert.java:834)&#13;
	at org.junit.Assert.assertEquals(Assert.java:118)&#13;
	at org.junit.Assert.assertEquals(Assert.java:144)&#13;
	at org.junit.internal.ExactComparisonCriteria.assertElementsEqual(ExactComparisonCriteria.java:8)&#13;
	at org.junit.internal.ComparisonCriteria.arrayEquals(ComparisonCriteria.java:53)&#13;
	... 27 more&#13;
&#13;
</failure>
    </testcase>
  </testsuite>
</testrun>
